[INFO] Scanning for projects...
[INFO] 
[INFO] ----------------------< com.wallet:user-service >-----------------------
[INFO] Building User Service 0.0.1-SNAPSHOT
[INFO]   from pom.xml
[INFO] --------------------------------[ jar ]---------------------------------
[INFO] 
[INFO] >>> spring-boot:3.4.3:run (default-cli) > test-compile @ user-service >>>
[INFO] 
[INFO] --- resources:3.3.1:resources (default-resources) @ user-service ---
[INFO] Copying 1 resource from src/main/resources to target/classes
[INFO] Copying 0 resource from src/main/resources to target/classes
[INFO] 
[INFO] --- compiler:3.13.0:compile (default-compile) @ user-service ---
[INFO] Nothing to compile - all classes are up to date.
[INFO] 
[INFO] --- resources:3.3.1:testResources (default-testResources) @ user-service ---
[INFO] Copying 1 resource from src/test/resources to target/test-classes
[INFO] 
[INFO] --- compiler:3.13.0:testCompile (default-testCompile) @ user-service ---
[INFO] Recompiling the module because of changed source code.
[INFO] Compiling 12 source files with javac [debug parameters release 17] to target/test-classes
[WARNING] /home/sahal/my/ijaa/user-service/src/test/java/com/ijaa/user/presenter/rest/api/AdminAuthResourceIntegrationTest.java:[30,6] org.springframework.boot.test.mock.mockito.MockBean in org.springframework.boot.test.mock.mockito has been deprecated and marked for removal
[WARNING] /home/sahal/my/ijaa/user-service/src/test/java/com/ijaa/user/presenter/rest/api/AdminAuthResourceIntegrationTest.java:[30,6] org.springframework.boot.test.mock.mockito.MockBean in org.springframework.boot.test.mock.mockito has been deprecated and marked for removal
[WARNING] /home/sahal/my/ijaa/user-service/src/test/java/com/ijaa/user/presenter/rest/api/AdminAuthResourceIntegrationTest.java:[30,6] org.springframework.boot.test.mock.mockito.MockBean in org.springframework.boot.test.mock.mockito has been deprecated and marked for removal
[WARNING] /home/sahal/my/ijaa/user-service/src/test/java/com/ijaa/user/presenter/rest/api/AdminAuthResourceIntegrationTest.java:[30,6] org.springframework.boot.test.mock.mockito.MockBean in org.springframework.boot.test.mock.mockito has been deprecated and marked for removal
[WARNING] /home/sahal/my/ijaa/user-service/src/test/java/com/ijaa/user/presenter/rest/api/AdminAuthResourceIntegrationTest.java:[30,6] org.springframework.boot.test.mock.mockito.MockBean in org.springframework.boot.test.mock.mockito has been deprecated and marked for removal
[WARNING] /home/sahal/my/ijaa/user-service/src/test/java/com/ijaa/user/presenter/rest/api/AuthResourceIntegrationTest.java:[40,6] org.springframework.boot.test.mock.mockito.MockBean in org.springframework.boot.test.mock.mockito has been deprecated and marked for removal
[WARNING] /home/sahal/my/ijaa/user-service/src/test/java/com/ijaa/user/presenter/rest/api/AuthResourceIntegrationTest.java:[40,6] org.springframework.boot.test.mock.mockito.MockBean in org.springframework.boot.test.mock.mockito has been deprecated and marked for removal
[WARNING] /home/sahal/my/ijaa/user-service/src/test/java/com/ijaa/user/presenter/rest/api/AuthResourceIntegrationTest.java:[40,6] org.springframework.boot.test.mock.mockito.MockBean in org.springframework.boot.test.mock.mockito has been deprecated and marked for removal
[WARNING] /home/sahal/my/ijaa/user-service/src/test/java/com/ijaa/user/presenter/rest/api/AuthResourceIntegrationTest.java:[40,6] org.springframework.boot.test.mock.mockito.MockBean in org.springframework.boot.test.mock.mockito has been deprecated and marked for removal
[WARNING] /home/sahal/my/ijaa/user-service/src/test/java/com/ijaa/user/presenter/rest/api/AuthResourceIntegrationTest.java:[40,6] org.springframework.boot.test.mock.mockito.MockBean in org.springframework.boot.test.mock.mockito has been deprecated and marked for removal
[WARNING] /home/sahal/my/ijaa/user-service/src/test/java/com/ijaa/user/presenter/rest/api/ProfileResourceIntegrationTest.java:[43,6] org.springframework.boot.test.mock.mockito.MockBean in org.springframework.boot.test.mock.mockito has been deprecated and marked for removal
[WARNING] /home/sahal/my/ijaa/user-service/src/test/java/com/ijaa/user/presenter/rest/api/ProfileResourceIntegrationTest.java:[43,6] org.springframework.boot.test.mock.mockito.MockBean in org.springframework.boot.test.mock.mockito has been deprecated and marked for removal
[WARNING] /home/sahal/my/ijaa/user-service/src/test/java/com/ijaa/user/presenter/rest/api/ProfileResourceIntegrationTest.java:[43,6] org.springframework.boot.test.mock.mockito.MockBean in org.springframework.boot.test.mock.mockito has been deprecated and marked for removal
[WARNING] /home/sahal/my/ijaa/user-service/src/test/java/com/ijaa/user/presenter/rest/api/ProfileResourceIntegrationTest.java:[43,6] org.springframework.boot.test.mock.mockito.MockBean in org.springframework.boot.test.mock.mockito has been deprecated and marked for removal
[WARNING] /home/sahal/my/ijaa/user-service/src/test/java/com/ijaa/user/presenter/rest/api/ProfileResourceIntegrationTest.java:[43,6] org.springframework.boot.test.mock.mockito.MockBean in org.springframework.boot.test.mock.mockito has been deprecated and marked for removal
[INFO] 
[INFO] <<< spring-boot:3.4.3:run (default-cli) < test-compile @ user-service <<<
[INFO] 
[INFO] 
[INFO] --- spring-boot:3.4.3:run (default-cli) @ user-service ---
[INFO] Attaching agents: []

  .   ____          _            __ _ _
 /\\ / ___'_ __ _ _(_)_ __  __ _ \ \ \ \
( ( )\___ | '_ | '_| | '_ \/ _` | \ \ \ \
 \\/  ___)| |_)| | | | | || (_| |  ) ) ) )
  '  |____| .__|_| |_|_| |_\__, | / / / /
 =========|_|==============|___/=/_/_/_/

 :: Spring Boot ::                (v3.4.3)

2025-08-01T01:46:21.045+06:00  INFO 159610 --- [users] [  restartedMain] com.ijaa.user.UserServiceApplication     : Starting UserServiceApplication using Java 21.0.3 with PID 159610 (/home/sahal/my/ijaa/user-service/target/classes started by sahal in /home/sahal/my/ijaa/user-service)
2025-08-01T01:46:21.046+06:00  INFO 159610 --- [users] [  restartedMain] com.ijaa.user.UserServiceApplication     : No active profile set, falling back to 1 default profile: "default"
2025-08-01T01:46:21.077+06:00  INFO 159610 --- [users] [  restartedMain] .e.DevToolsPropertyDefaultsPostProcessor : Devtools property defaults active! Set 'spring.devtools.add-properties' to 'false' to disable
2025-08-01T01:46:21.077+06:00  INFO 159610 --- [users] [  restartedMain] .e.DevToolsPropertyDefaultsPostProcessor : For additional web related logging consider setting the 'logging.level.web' property to 'DEBUG'
2025-08-01T01:46:21.877+06:00  INFO 159610 --- [users] [  restartedMain] .s.d.r.c.RepositoryConfigurationDelegate : Bootstrapping Spring Data JPA repositories in DEFAULT mode.
2025-08-01T01:46:21.994+06:00  INFO 159610 --- [users] [  restartedMain] .s.d.r.c.RepositoryConfigurationDelegate : Finished Spring Data repository scanning in 112 ms. Found 8 JPA repository interfaces.
2025-08-01T01:46:22.157+06:00  INFO 159610 --- [users] [  restartedMain] o.s.cloud.context.scope.GenericScope     : BeanFactory id=6f5a2656-798a-3209-acf3-e455ee67cdcb
2025-08-01T01:46:22.696+06:00  INFO 159610 --- [users] [  restartedMain] o.s.b.w.embedded.tomcat.TomcatWebServer  : Tomcat initialized with port 8081 (http)
2025-08-01T01:46:22.706+06:00  INFO 159610 --- [users] [  restartedMain] o.apache.catalina.core.StandardService   : Starting service [Tomcat]
2025-08-01T01:46:22.707+06:00  INFO 159610 --- [users] [  restartedMain] o.apache.catalina.core.StandardEngine    : Starting Servlet engine: [Apache Tomcat/10.1.36]
2025-08-01T01:46:22.732+06:00  INFO 159610 --- [users] [  restartedMain] o.a.c.c.C.[Tomcat].[localhost].[/]       : Initializing Spring embedded WebApplicationContext
2025-08-01T01:46:22.733+06:00  INFO 159610 --- [users] [  restartedMain] w.s.c.ServletWebServerApplicationContext : Root WebApplicationContext: initialization completed in 1654 ms
2025-08-01T01:46:22.996+06:00  INFO 159610 --- [users] [  restartedMain] o.hibernate.jpa.internal.util.LogHelper  : HHH000204: Processing PersistenceUnitInfo [name: default]
2025-08-01T01:46:23.024+06:00  INFO 159610 --- [users] [  restartedMain] org.hibernate.Version                    : HHH000412: Hibernate ORM core version 6.6.8.Final
2025-08-01T01:46:23.043+06:00  INFO 159610 --- [users] [  restartedMain] o.h.c.internal.RegionFactoryInitiator    : HHH000026: Second-level cache disabled
2025-08-01T01:46:23.187+06:00  INFO 159610 --- [users] [  restartedMain] o.s.o.j.p.SpringPersistenceUnitInfo      : No LoadTimeWeaver setup: ignoring JPA class transformer
2025-08-01T01:46:23.205+06:00  INFO 159610 --- [users] [  restartedMain] com.zaxxer.hikari.HikariDataSource       : HikariPool-1 - Starting...
2025-08-01T01:46:23.389+06:00  INFO 159610 --- [users] [  restartedMain] com.zaxxer.hikari.pool.HikariPool        : HikariPool-1 - Added connection org.postgresql.jdbc.PgConnection@257446f8
2025-08-01T01:46:23.390+06:00  INFO 159610 --- [users] [  restartedMain] com.zaxxer.hikari.HikariDataSource       : HikariPool-1 - Start completed.
2025-08-01T01:46:23.417+06:00  WARN 159610 --- [users] [  restartedMain] org.hibernate.orm.deprecation            : HHH90000025: PostgreSQLDialect does not need to be specified explicitly using 'hibernate.dialect' (remove the property setting and it will be selected by default)
2025-08-01T01:46:23.428+06:00  INFO 159610 --- [users] [  restartedMain] org.hibernate.orm.connections.pooling    : HHH10001005: Database info:
	Database JDBC URL [Connecting through datasource 'HikariDataSource (HikariPool-1)']
	Database driver: undefined/unknown
	Database version: 12.22
	Autocommit mode: undefined/unknown
	Isolation level: undefined/unknown
	Minimum pool size: undefined/unknown
	Maximum pool size: undefined/unknown
2025-08-01T01:46:24.140+06:00  INFO 159610 --- [users] [  restartedMain] o.h.e.t.j.p.i.JtaPlatformInitiator       : HHH000489: No JTA platform available (set 'hibernate.transaction.jta.platform' to enable JTA platform integration)
2025-08-01T01:46:24.264+06:00  INFO 159610 --- [users] [  restartedMain] j.LocalContainerEntityManagerFactoryBean : Initialized JPA EntityManagerFactory for persistence unit 'default'
2025-08-01T01:46:24.462+06:00  INFO 159610 --- [users] [  restartedMain] o.s.d.j.r.query.QueryEnhancerFactory     : Hibernate is in classpath; If applicable, HQL parser will be used.
2025-08-01T01:46:26.142+06:00  INFO 159610 --- [users] [  restartedMain] eAuthenticationProviderManagerConfigurer : Found 2 AuthenticationProvider beans, with names [userAuthenticationProvider, adminAuthenticationProvider]. Global Authentication Manager will not be configured with AuthenticationProviders. Consider publishing a single AuthenticationProvider bean, or wiring your Providers directly using the DSL.
2025-08-01T01:46:26.142+06:00  WARN 159610 --- [users] [  restartedMain] r$InitializeUserDetailsManagerConfigurer : Found 2 UserDetailsService beans, with names [adminUserDetailsService, userDetailsServiceImpl]. Global Authentication Manager will not use a UserDetailsService for username/password login. Consider publishing a single UserDetailsService bean.
2025-08-01T01:46:26.310+06:00  WARN 159610 --- [users] [  restartedMain] JpaBaseConfiguration$JpaWebConfiguration : spring.jpa.open-in-view is enabled by default. Therefore, database queries may be performed during view rendering. Explicitly configure spring.jpa.open-in-view to disable this warning
2025-08-01T01:46:26.783+06:00  INFO 159610 --- [users] [  restartedMain] o.s.b.a.e.web.EndpointLinksResolver      : Exposing 1 endpoint beneath base path '/actuator'
2025-08-01T01:46:27.398+06:00  WARN 159610 --- [users] [  restartedMain] o.s.b.d.a.OptionalLiveReloadServer       : Unable to start LiveReload server
2025-08-01T01:46:27.540+06:00  INFO 159610 --- [users] [  restartedMain] DiscoveryClientOptionalArgsConfiguration : Eureka HTTP Client uses RestTemplate.
2025-08-01T01:46:27.591+06:00  WARN 159610 --- [users] [  restartedMain] iguration$LoadBalancerCaffeineWarnLogger : Spring Cloud LoadBalancer is currently working with the default cache. While this cache implementation is useful for development and tests, it's recommended to use Caffeine cache in production.You can switch to using Caffeine cache, by adding it and org.springframework.cache.caffeine.CaffeineCacheManager to the classpath.
2025-08-01T01:46:27.656+06:00  INFO 159610 --- [users] [  restartedMain] o.s.c.n.eureka.InstanceInfoFactory       : Setting initial instance status as: STARTING
2025-08-01T01:46:27.671+06:00  INFO 159610 --- [users] [  restartedMain] com.netflix.discovery.DiscoveryClient    : Initializing Eureka in region us-east-1
2025-08-01T01:46:27.674+06:00  INFO 159610 --- [users] [  restartedMain] c.n.d.s.r.aws.ConfigClusterResolver      : Resolving eureka endpoints via configuration
2025-08-01T01:46:27.679+06:00  INFO 159610 --- [users] [  restartedMain] com.netflix.discovery.DiscoveryClient    : Disable delta property : false
2025-08-01T01:46:27.679+06:00  INFO 159610 --- [users] [  restartedMain] com.netflix.discovery.DiscoveryClient    : Single vip registry refresh property : null
2025-08-01T01:46:27.679+06:00  INFO 159610 --- [users] [  restartedMain] com.netflix.discovery.DiscoveryClient    : Force full registry fetch : false
2025-08-01T01:46:27.679+06:00  INFO 159610 --- [users] [  restartedMain] com.netflix.discovery.DiscoveryClient    : Application is null : false
2025-08-01T01:46:27.679+06:00  INFO 159610 --- [users] [  restartedMain] com.netflix.discovery.DiscoveryClient    : Registered Applications size is zero : true
2025-08-01T01:46:27.679+06:00  INFO 159610 --- [users] [  restartedMain] com.netflix.discovery.DiscoveryClient    : Application version is -1: true
2025-08-01T01:46:27.679+06:00  INFO 159610 --- [users] [  restartedMain] com.netflix.discovery.DiscoveryClient    : Getting all instance registry info from the eureka server
2025-08-01T01:46:27.902+06:00  INFO 159610 --- [users] [  restartedMain] com.netflix.discovery.DiscoveryClient    : The response status is 200
2025-08-01T01:46:27.903+06:00  INFO 159610 --- [users] [  restartedMain] com.netflix.discovery.DiscoveryClient    : Starting heartbeat executor: renew interval is: 30
2025-08-01T01:46:27.905+06:00  INFO 159610 --- [users] [  restartedMain] c.n.discovery.InstanceInfoReplicator     : InstanceInfoReplicator onDemand update allowed rate per min is 4
2025-08-01T01:46:27.906+06:00  INFO 159610 --- [users] [  restartedMain] com.netflix.discovery.DiscoveryClient    : Discovery Client initialized at timestamp 1753991187905 with initial instances count: 1
2025-08-01T01:46:27.912+06:00  INFO 159610 --- [users] [  restartedMain] o.s.c.n.e.s.EurekaServiceRegistry        : Registering application USERS with eureka with status UP
2025-08-01T01:46:27.912+06:00  INFO 159610 --- [users] [  restartedMain] com.netflix.discovery.DiscoveryClient    : Saw local status change event StatusChangeEvent [timestamp=1753991187912, current=UP, previous=STARTING]
2025-08-01T01:46:27.913+06:00  INFO 159610 --- [users] [foReplicator-%d] com.netflix.discovery.DiscoveryClient    : DiscoveryClient_USERS/192.168.0.111:users:8081: registering service...
2025-08-01T01:46:27.919+06:00  INFO 159610 --- [users] [  restartedMain] o.s.c.n.e.s.EurekaServiceRegistry        : Unregistering application USERS with eureka with status DOWN
2025-08-01T01:46:27.919+06:00  INFO 159610 --- [users] [  restartedMain] com.netflix.discovery.DiscoveryClient    : Saw local status change event StatusChangeEvent [timestamp=1753991187919, current=DOWN, previous=UP]
2025-08-01T01:46:27.919+06:00  WARN 159610 --- [users] [  restartedMain] ConfigServletWebServerApplicationContext : Exception encountered during context initialization - cancelling refresh attempt: org.springframework.context.ApplicationContextException: Failed to start bean 'webServerStartStop'
2025-08-01T01:46:27.927+06:00  INFO 159610 --- [users] [  restartedMain] j.LocalContainerEntityManagerFactoryBean : Closing JPA EntityManagerFactory for persistence unit 'default'
2025-08-01T01:46:27.929+06:00  INFO 159610 --- [users] [  restartedMain] com.zaxxer.hikari.HikariDataSource       : HikariPool-1 - Shutdown initiated...
2025-08-01T01:46:27.934+06:00  INFO 159610 --- [users] [  restartedMain] com.zaxxer.hikari.HikariDataSource       : HikariPool-1 - Shutdown completed.
2025-08-01T01:46:27.935+06:00  INFO 159610 --- [users] [  restartedMain] com.netflix.discovery.DiscoveryClient    : Shutting down DiscoveryClient ...
2025-08-01T01:46:27.942+06:00  INFO 159610 --- [users] [foReplicator-%d] com.netflix.discovery.DiscoveryClient    : DiscoveryClient_USERS/192.168.0.111:users:8081 - registration status: 204
2025-08-01T01:46:27.942+06:00  INFO 159610 --- [users] [foReplicator-%d] com.netflix.discovery.DiscoveryClient    : DiscoveryClient_USERS/192.168.0.111:users:8081: registering service...
2025-08-01T01:46:27.946+06:00  INFO 159610 --- [users] [foReplicator-%d] com.netflix.discovery.DiscoveryClient    : DiscoveryClient_USERS/192.168.0.111:users:8081 - registration status: 204
2025-08-01T01:46:27.947+06:00  INFO 159610 --- [users] [  restartedMain] com.netflix.discovery.DiscoveryClient    : Unregistering ...
2025-08-01T01:46:27.952+06:00  INFO 159610 --- [users] [  restartedMain] com.netflix.discovery.DiscoveryClient    : DiscoveryClient_USERS/192.168.0.111:users:8081 - deregister  status: 200
2025-08-01T01:46:27.952+06:00  INFO 159610 --- [users] [  restartedMain] com.netflix.discovery.DiscoveryClient    : Completed shut down of DiscoveryClient
2025-08-01T01:46:27.969+06:00  INFO 159610 --- [users] [  restartedMain] .s.b.a.l.ConditionEvaluationReportLogger : 

Error starting ApplicationContext. To display the condition evaluation report re-run your application with 'debug' enabled.
2025-08-01T01:46:27.981+06:00 ERROR 159610 --- [users] [  restartedMain] o.s.b.d.LoggingFailureAnalysisReporter   : 

***************************
APPLICATION FAILED TO START
***************************

Description:

Web server failed to start. Port 8081 was already in use.

Action:

Identify and stop the process that's listening on port 8081 or configure this application to listen on another port.

[INFO] ------------------------------------------------------------------------
[INFO] BUILD SUCCESS
[INFO] ------------------------------------------------------------------------
[INFO] Total time:  11.588 s
[INFO] Finished at: 2025-08-01T01:46:28+06:00
[INFO] ------------------------------------------------------------------------
