[INFO] Scanning for projects...
[INFO] 
[INFO] ---------------------< com.wallet:gateway-service >---------------------
[INFO] Building Gateway Service 0.0.1-SNAPSHOT
[INFO]   from pom.xml
[INFO] --------------------------------[ jar ]---------------------------------
[INFO] 
[INFO] >>> spring-boot:3.4.3:run (default-cli) > test-compile @ gateway-service >>>
[INFO] 
[INFO] --- resources:3.3.1:resources (default-resources) @ gateway-service ---
[INFO] Copying 1 resource from src/main/resources to target/classes
[INFO] Copying 0 resource from src/main/resources to target/classes
[INFO] 
[INFO] --- compiler:3.13.0:compile (default-compile) @ gateway-service ---
[INFO] Nothing to compile - all classes are up to date.
[INFO] 
[INFO] --- resources:3.3.1:testResources (default-testResources) @ gateway-service ---
[INFO] skip non existing resourceDirectory /home/sahal/my/ijaa/gateway-service/src/test/resources
[INFO] 
[INFO] --- compiler:3.13.0:testCompile (default-testCompile) @ gateway-service ---
[INFO] Nothing to compile - all classes are up to date.
[INFO] 
[INFO] <<< spring-boot:3.4.3:run (default-cli) < test-compile @ gateway-service <<<
[INFO] 
[INFO] 
[INFO] --- spring-boot:3.4.3:run (default-cli) @ gateway-service ---
[INFO] Attaching agents: []

  .   ____          _            __ _ _
 /\\ / ___'_ __ _ _(_)_ __  __ _ \ \ \ \
( ( )\___ | '_ | '_| | '_ \/ _` | \ \ \ \
 \\/  ___)| |_)| | | | | || (_| |  ) ) ) )
  '  |____| .__|_| |_|_| |_\__, | / / / /
 =========|_|==============|___/=/_/_/_/

 :: Spring Boot ::                (v3.4.3)

2025-08-01T04:31:31.826+06:00  INFO 278430 --- [edge] [  restartedMain] c.ijaa.edgeserver.EdgeServerApplication  : Starting EdgeServerApplication using Java 21.0.3 with PID 278430 (/home/sahal/my/ijaa/gateway-service/target/classes started by sahal in /home/sahal/my/ijaa/gateway-service)
2025-08-01T04:31:31.828+06:00  INFO 278430 --- [edge] [  restartedMain] c.ijaa.edgeserver.EdgeServerApplication  : No active profile set, falling back to 1 default profile: "default"
2025-08-01T04:31:31.859+06:00  INFO 278430 --- [edge] [  restartedMain] .e.DevToolsPropertyDefaultsPostProcessor : Devtools property defaults active! Set 'spring.devtools.add-properties' to 'false' to disable
2025-08-01T04:31:31.859+06:00  INFO 278430 --- [edge] [  restartedMain] .e.DevToolsPropertyDefaultsPostProcessor : For additional web related logging consider setting the 'logging.level.web' property to 'DEBUG'
2025-08-01T04:31:32.684+06:00  INFO 278430 --- [edge] [  restartedMain] o.s.cloud.context.scope.GenericScope     : BeanFactory id=de9c47e8-4e32-3b04-94e2-b7efd5fb3bde
2025-08-01T04:31:33.383+06:00  INFO 278430 --- [edge] [  restartedMain] o.s.c.g.r.RouteDefinitionRouteLocator    : Loaded RoutePredicateFactory [After]
2025-08-01T04:31:33.383+06:00  INFO 278430 --- [edge] [  restartedMain] o.s.c.g.r.RouteDefinitionRouteLocator    : Loaded RoutePredicateFactory [Before]
2025-08-01T04:31:33.383+06:00  INFO 278430 --- [edge] [  restartedMain] o.s.c.g.r.RouteDefinitionRouteLocator    : Loaded RoutePredicateFactory [Between]
2025-08-01T04:31:33.383+06:00  INFO 278430 --- [edge] [  restartedMain] o.s.c.g.r.RouteDefinitionRouteLocator    : Loaded RoutePredicateFactory [Cookie]
2025-08-01T04:31:33.383+06:00  INFO 278430 --- [edge] [  restartedMain] o.s.c.g.r.RouteDefinitionRouteLocator    : Loaded RoutePredicateFactory [Header]
2025-08-01T04:31:33.383+06:00  INFO 278430 --- [edge] [  restartedMain] o.s.c.g.r.RouteDefinitionRouteLocator    : Loaded RoutePredicateFactory [Host]
2025-08-01T04:31:33.383+06:00  INFO 278430 --- [edge] [  restartedMain] o.s.c.g.r.RouteDefinitionRouteLocator    : Loaded RoutePredicateFactory [Method]
2025-08-01T04:31:33.383+06:00  INFO 278430 --- [edge] [  restartedMain] o.s.c.g.r.RouteDefinitionRouteLocator    : Loaded RoutePredicateFactory [Path]
2025-08-01T04:31:33.383+06:00  INFO 278430 --- [edge] [  restartedMain] o.s.c.g.r.RouteDefinitionRouteLocator    : Loaded RoutePredicateFactory [Query]
2025-08-01T04:31:33.384+06:00  INFO 278430 --- [edge] [  restartedMain] o.s.c.g.r.RouteDefinitionRouteLocator    : Loaded RoutePredicateFactory [ReadBody]
2025-08-01T04:31:33.384+06:00  INFO 278430 --- [edge] [  restartedMain] o.s.c.g.r.RouteDefinitionRouteLocator    : Loaded RoutePredicateFactory [RemoteAddr]
2025-08-01T04:31:33.384+06:00  INFO 278430 --- [edge] [  restartedMain] o.s.c.g.r.RouteDefinitionRouteLocator    : Loaded RoutePredicateFactory [XForwardedRemoteAddr]
2025-08-01T04:31:33.384+06:00  INFO 278430 --- [edge] [  restartedMain] o.s.c.g.r.RouteDefinitionRouteLocator    : Loaded RoutePredicateFactory [Weight]
2025-08-01T04:31:33.384+06:00  INFO 278430 --- [edge] [  restartedMain] o.s.c.g.r.RouteDefinitionRouteLocator    : Loaded RoutePredicateFactory [CloudFoundryRouteService]
2025-08-01T04:31:33.602+06:00  INFO 278430 --- [edge] [  restartedMain] o.s.b.a.e.web.EndpointLinksResolver      : Exposing 18 endpoints beneath base path '/actuator'
2025-08-01T04:31:33.758+06:00  WARN 278430 --- [edge] [  restartedMain] o.s.b.d.a.OptionalLiveReloadServer       : Unable to start LiveReload server
2025-08-01T04:31:33.767+06:00  INFO 278430 --- [edge] [  restartedMain] DiscoveryClientOptionalArgsConfiguration : Eureka HTTP Client uses RestTemplate.
2025-08-01T04:31:33.783+06:00  WARN 278430 --- [edge] [  restartedMain] iguration$LoadBalancerCaffeineWarnLogger : Spring Cloud LoadBalancer is currently working with the default cache. While this cache implementation is useful for development and tests, it's recommended to use Caffeine cache in production.You can switch to using Caffeine cache, by adding it and org.springframework.cache.caffeine.CaffeineCacheManager to the classpath.
2025-08-01T04:31:33.816+06:00  INFO 278430 --- [edge] [  restartedMain] o.s.c.n.eureka.InstanceInfoFactory       : Setting initial instance status as: STARTING
2025-08-01T04:31:33.829+06:00  INFO 278430 --- [edge] [  restartedMain] com.netflix.discovery.DiscoveryClient    : Initializing Eureka in region us-east-1
2025-08-01T04:31:33.832+06:00  INFO 278430 --- [edge] [  restartedMain] c.n.d.s.r.aws.ConfigClusterResolver      : Resolving eureka endpoints via configuration
2025-08-01T04:31:33.836+06:00  INFO 278430 --- [edge] [  restartedMain] com.netflix.discovery.DiscoveryClient    : Disable delta property : false
2025-08-01T04:31:33.836+06:00  INFO 278430 --- [edge] [  restartedMain] com.netflix.discovery.DiscoveryClient    : Single vip registry refresh property : null
2025-08-01T04:31:33.836+06:00  INFO 278430 --- [edge] [  restartedMain] com.netflix.discovery.DiscoveryClient    : Force full registry fetch : false
2025-08-01T04:31:33.836+06:00  INFO 278430 --- [edge] [  restartedMain] com.netflix.discovery.DiscoveryClient    : Application is null : false
2025-08-01T04:31:33.836+06:00  INFO 278430 --- [edge] [  restartedMain] com.netflix.discovery.DiscoveryClient    : Registered Applications size is zero : true
2025-08-01T04:31:33.836+06:00  INFO 278430 --- [edge] [  restartedMain] com.netflix.discovery.DiscoveryClient    : Application version is -1: true
2025-08-01T04:31:33.836+06:00  INFO 278430 --- [edge] [  restartedMain] com.netflix.discovery.DiscoveryClient    : Getting all instance registry info from the eureka server
2025-08-01T04:31:34.086+06:00  INFO 278430 --- [edge] [  restartedMain] com.netflix.discovery.DiscoveryClient    : The response status is 200
2025-08-01T04:31:34.088+06:00  INFO 278430 --- [edge] [  restartedMain] com.netflix.discovery.DiscoveryClient    : Starting heartbeat executor: renew interval is: 30
2025-08-01T04:31:34.089+06:00  INFO 278430 --- [edge] [  restartedMain] c.n.discovery.InstanceInfoReplicator     : InstanceInfoReplicator onDemand update allowed rate per min is 4
2025-08-01T04:31:34.090+06:00  INFO 278430 --- [edge] [  restartedMain] com.netflix.discovery.DiscoveryClient    : Discovery Client initialized at timestamp 1754001094089 with initial instances count: 2
2025-08-01T04:31:34.092+06:00  INFO 278430 --- [edge] [  restartedMain] o.s.c.n.e.s.EurekaServiceRegistry        : Registering application EDGE with eureka with status UP
2025-08-01T04:31:34.093+06:00  INFO 278430 --- [edge] [  restartedMain] com.netflix.discovery.DiscoveryClient    : Saw local status change event StatusChangeEvent [timestamp=1754001094093, current=UP, previous=STARTING]
2025-08-01T04:31:34.094+06:00  INFO 278430 --- [edge] [foReplicator-%d] com.netflix.discovery.DiscoveryClient    : DiscoveryClient_EDGE/192.168.0.111:edge:8000: registering service...
2025-08-01T04:31:34.120+06:00  INFO 278430 --- [edge] [foReplicator-%d] com.netflix.discovery.DiscoveryClient    : DiscoveryClient_EDGE/192.168.0.111:edge:8000 - registration status: 204
2025-08-01T04:31:34.290+06:00  INFO 278430 --- [edge] [  restartedMain] o.s.c.n.e.s.EurekaServiceRegistry        : Unregistering application EDGE with eureka with status DOWN
2025-08-01T04:31:34.290+06:00  INFO 278430 --- [edge] [  restartedMain] com.netflix.discovery.DiscoveryClient    : Saw local status change event StatusChangeEvent [timestamp=1754001094290, current=DOWN, previous=UP]
2025-08-01T04:31:34.291+06:00  WARN 278430 --- [edge] [  restartedMain] onfigReactiveWebServerApplicationContext : Exception encountered during context initialization - cancelling refresh attempt: org.springframework.context.ApplicationContextException: Failed to start bean 'webServerStartStop'
2025-08-01T04:31:34.290+06:00  INFO 278430 --- [edge] [foReplicator-%d] com.netflix.discovery.DiscoveryClient    : DiscoveryClient_EDGE/192.168.0.111:edge:8000: registering service...
2025-08-01T04:31:34.296+06:00  INFO 278430 --- [edge] [foReplicator-%d] com.netflix.discovery.DiscoveryClient    : DiscoveryClient_EDGE/192.168.0.111:edge:8000 - registration status: 204
2025-08-01T04:31:34.297+06:00  INFO 278430 --- [edge] [  restartedMain] com.netflix.discovery.DiscoveryClient    : Shutting down DiscoveryClient ...
2025-08-01T04:31:37.297+06:00  INFO 278430 --- [edge] [  restartedMain] com.netflix.discovery.DiscoveryClient    : Unregistering ...
2025-08-01T04:31:37.307+06:00  INFO 278430 --- [edge] [  restartedMain] com.netflix.discovery.DiscoveryClient    : DiscoveryClient_EDGE/192.168.0.111:edge:8000 - deregister  status: 200
2025-08-01T04:31:37.308+06:00  INFO 278430 --- [edge] [  restartedMain] com.netflix.discovery.DiscoveryClient    : Completed shut down of DiscoveryClient
2025-08-01T04:31:37.326+06:00  INFO 278430 --- [edge] [  restartedMain] .s.b.a.l.ConditionEvaluationReportLogger : 

Error starting ApplicationContext. To display the condition evaluation report re-run your application with 'debug' enabled.
2025-08-01T04:31:37.342+06:00 ERROR 278430 --- [edge] [  restartedMain] o.s.b.d.LoggingFailureAnalysisReporter   : 

***************************
APPLICATION FAILED TO START
***************************

Description:

Web server failed to start. Port 8000 was already in use.

Action:

Identify and stop the process that's listening on port 8000 or configure this application to listen on another port.

[INFO] ------------------------------------------------------------------------
[INFO] BUILD SUCCESS
[INFO] ------------------------------------------------------------------------
[INFO] Total time:  7.624 s
[INFO] Finished at: 2025-08-01T04:31:37+06:00
[INFO] ------------------------------------------------------------------------
